2025-01-23 22:12:50,631 - __main__ - DEBUG - 入力ファイル: D:\エージェントの全体像.pdf
2025-01-23 22:12:50,634 - __main__ - DEBUG - ファイル拡張子: .pdf
2025-01-23 22:12:50,634 - __main__ - DEBUG - 変換処理開始: _convert_pdf
2025-01-23 22:12:50,636 - __main__ - DEBUG - PDFの変換開始
2025-01-23 22:12:50,644 - __main__ - DEBUG - ページ 1 の処理中
2025-01-23 22:12:50,698 - __main__ - DEBUG - ページ 2 の処理中
2025-01-23 22:12:50,730 - __main__ - DEBUG - ページ 3 の処理中
2025-01-23 22:12:50,786 - __main__ - DEBUG - ページ 4 の処理中
2025-01-23 22:12:50,807 - __main__ - DEBUG - ページ 5 の処理中
2025-01-23 22:12:50,899 - __main__ - DEBUG - ページ 6 の処理中
2025-01-23 22:12:50,912 - __main__ - DEBUG - ページ 7 の処理中
2025-01-23 22:12:50,939 - __main__ - DEBUG - ページ 8 の処理中
2025-01-23 22:12:51,002 - __main__ - DEBUG - ページ 9 の処理中
2025-01-23 22:12:51,028 - __main__ - DEBUG - ページ 10 の処理中
2025-01-23 22:12:51,046 - __main__ - DEBUG - ページ 11 の処理中
2025-01-23 22:12:51,071 - __main__ - DEBUG - ページ 12 の処理中
2025-01-23 22:12:51,110 - __main__ - DEBUG - ページ 13 の処理中
2025-01-23 22:12:51,131 - __main__ - DEBUG - PDFの変換完了
2025-01-23 22:12:51,131 - __main__ - DEBUG - 変換処理完了
2025-01-23 22:12:51,135 - __main__ - DEBUG - 保存先: D:\BMS\tools\markitdown\output\エージェントの全体像_20250123_221251.md
2025-01-23 22:12:51,141 - __main__ - DEBUG - 保存完了
