2025-01-20 12:01:44,657 - __main__ - INFO - Starting conversion of URL: C:\Users\3836\Documents\BOXAPIŃt@CAbv[hA_E[hۂhttp̃R[h
2025-01-20 12:01:44,663 - __main__ - ERROR - Invalid URL format: C:\Users\3836\Documents\BOXAPIŃt@CAbv[hA_E[hۂhttp̃R[h
2025-01-20 13:27:03,787 - __main__ - DEBUG - 入力ファイル: C:\Users\3836\Documents\BOXAPIでファイルをアップロード、ダウンロードする際のhttpのコード - Genspark.pdf
2025-01-20 13:27:03,788 - __main__ - DEBUG - ファイル拡張子: .pdf
2025-01-20 13:27:03,789 - __main__ - DEBUG - 変換処理開始: _convert_pdf
2025-01-20 13:27:03,789 - __main__ - DEBUG - PDFの変換開始
2025-01-20 13:27:03,796 - __main__ - DEBUG - ページ 1 の処理中
2025-01-20 13:27:03,968 - __main__ - DEBUG - ページ 2 の処理中
2025-01-20 13:27:04,271 - __main__ - DEBUG - ページ 3 の処理中
2025-01-20 13:27:04,351 - __main__ - DEBUG - ページ 4 の処理中
2025-01-20 13:27:04,545 - __main__ - DEBUG - PDFの変換完了
2025-01-20 13:27:04,546 - __main__ - DEBUG - 変換処理完了
2025-01-20 13:27:04,547 - __main__ - DEBUG - 保存先: C:\Users\3836\Documents\BOXAPIでファイルをアップロード、ダウンロードする際のhttpのコード - Genspark.md
2025-01-20 13:27:04,552 - __main__ - DEBUG - 保存完了
2025-01-20 13:37:36,778 - __main__ - DEBUG - 入力ファイル: C:\Users\3836\Documents\BOXAPIでファイルをアップロード、ダウンロードする際のhttpのコード - Genspark.pdf
2025-01-20 13:37:36,779 - __main__ - DEBUG - ファイル拡張子: .pdf
2025-01-20 13:37:36,779 - __main__ - DEBUG - 変換処理開始: _convert_pdf
2025-01-20 13:37:36,780 - __main__ - DEBUG - PDFの変換開始
2025-01-20 13:37:36,789 - __main__ - DEBUG - ページ 1 の処理中
2025-01-20 13:37:36,987 - __main__ - DEBUG - ページ 2 の処理中
2025-01-20 13:37:37,330 - __main__ - DEBUG - ページ 3 の処理中
2025-01-20 13:37:37,607 - __main__ - DEBUG - ページ 4 の処理中
2025-01-20 13:37:37,727 - __main__ - DEBUG - PDFの変換完了
2025-01-20 13:37:37,728 - __main__ - DEBUG - 変換処理完了
2025-01-20 13:37:37,729 - __main__ - DEBUG - 保存先: C:\Users\3836\Documents\BOXAPIでファイルをアップロード、ダウンロードする際のhttpのコード - Genspark.md
2025-01-20 13:37:37,732 - __main__ - DEBUG - 保存完了
